2026-03-06 18:08:05,500 | INFO | GET /docs completed in 0.0008 sec
2026-03-06 18:08:06,028 | INFO | GET /openapi.json completed in 0.1763 sec
2026-03-06 18:11:49,969 | INFO | GET / completed in 0.0587 sec
2026-03-06 18:11:50,101 | INFO | GET /favicon.ico completed in 0.0008 sec
2026-03-06 18:11:56,654 | INFO | GET / completed in 0.0009 sec
2026-03-06 18:12:16,616 | INFO | GET /docs completed in 0.0005 sec
2026-03-06 18:12:17,001 | INFO | GET /openapi.json completed in 0.1039 sec
2026-03-06 18:12:47,135 | INFO | GET /metrics completed in 0.0072 sec
2026-03-06 18:12:47,229 | INFO | GET /favicon.ico completed in 0.0008 sec
2026-03-06 18:25:29,854 | INFO | GET / completed in 0.0141 sec
2026-03-06 18:25:30,685 | INFO | GET / completed in 0.0009 sec
2026-03-06 18:25:32,680 | INFO | GET / completed in 0.0011 sec
2026-03-06 18:25:33,388 | INFO | GET / completed in 0.0011 sec
2026-03-06 18:25:33,681 | INFO | GET / completed in 0.0011 sec
2026-03-06 18:25:33,804 | INFO | GET / completed in 0.0008 sec
2026-03-06 18:25:34,004 | INFO | GET / completed in 0.0009 sec
2026-03-06 18:25:34,117 | INFO | GET / completed in 0.0009 sec
2026-03-06 18:25:34,321 | INFO | GET / completed in 0.0008 sec
2026-03-06 18:25:34,458 | INFO | GET / completed in 0.0006 sec
2026-03-06 18:25:34,630 | INFO | GET / completed in 0.0010 sec
2026-03-06 18:25:34,819 | INFO | GET / completed in 0.0013 sec
